cleardb?
dumpdata?
Tue Jul 31 17:34:08 UTC 2012
loaddata?
copymedia?
cp: cannot stat `/media/dev/screenshots/cache/aa': Permission denied
cp: cannot stat `/media/dev/screenshots/cache/9e': Permission denied
cp: cannot stat `/media/dev/screenshots/cache/c4': Permission denied
cp: cannot stat `/media/dev/screenshots/cache/9a': Permission denied
cp: cannot stat `/media/dev/screenshots/cache/5a': Permission denied
cp: cannot stat `/media/dev/screenshots/cache/16': Permission denied
cp: cannot stat `/media/dev/screenshots/cache/63': Permission denied
cp: cannot stat `/media/dev/screenshots/cache/b0': Permission denied
cp: cannot stat `/media/dev/screenshots/cache/d0': Permission denied
cp: cannot stat `/media/dev/screenshots/cache/f5': Permission denied
cp: cannot stat `/media/dev/screenshots/cache/60': Permission denied
cp: cannot stat `/media/dev/screenshots/cache/17': Permission denied
cp: cannot stat `/media/dev/screenshots/cache/74': Permission denied
cp: cannot stat `/media/dev/screenshots/cache/dd': Permission denied
cp: cannot stat `/media/dev/screenshots/cache/fe': Permission denied
cp: cannot stat `/media/dev/screenshots/cache/4c': Permission denied
cp: cannot stat `/media/dev/screenshots/cache/4a': Permission denied
cp: cannot stat `/media/dev/screenshots/cache/59': Permission denied
cp: cannot stat `/media/dev/screenshots/cache/32': Permission denied
cp: cannot stat `/media/dev/screenshots/cache/54': Permission denied
cp: cannot stat `/media/dev/screenshots/cache/28': Permission denied
cp: cannot stat `/media/dev/screenshots/cache/6b': Permission denied
cp: cannot stat `/media/dev/screenshots/cache/55': Permission denied
cp: cannot stat `/media/dev/screenshots/cache/37': Permission denied
cp: cannot stat `/media/dev/screenshots/cache/f8': Permission denied
cp: cannot stat `/media/dev/screenshots/cache/bd': Permission denied
cp: cannot stat `/media/dev/screenshots/cache/88': Permission denied
cp: cannot stat `/media/dev/screenshots/cache/ef': Permission denied
cp: cannot stat `/media/dev/screenshots/cache/6c': Permission denied
cp: cannot stat `/media/dev/screenshots/cache/ae': Permission denied
cp: cannot stat `/media/dev/screenshots/cache/75': Permission denied
cp: cannot stat `/media/dev/screenshots/cache/e8': Permission denied
cp: cannot stat `/media/dev/screenshots/cache/d4': Permission denied
cp: cannot stat `/media/dev/screenshots/cache/5d': Permission denied
cp: cannot stat `/media/dev/screenshots/cache/51': Permission denied
cp: cannot stat `/media/dev/screenshots/cache/86': Permission denied
cp: cannot stat `/media/dev/screenshots/cache/a2': Permission denied
cp: cannot stat `/media/dev/screenshots/cache/03': Permission denied
cp: cannot stat `/media/dev/screenshots/cache/1b': Permission denied
cp: cannot stat `/media/dev/screenshots/cache/13': Permission denied
cp: cannot stat `/media/dev/screenshots/cache/73': Permission denied
cp: cannot stat `/media/dev/screenshots/cache/57': Permission denied
cp: cannot stat `/media/dev/screenshots/cache/f1': Permission denied
cp: cannot stat `/media/dev/screenshots/cache/76': Permission denied
cp: cannot stat `/media/dev/screenshots/cache/77': Permission denied
cp: cannot stat `/media/dev/screenshots/cache/65': Permission denied
cp: cannot stat `/media/dev/screenshots/cache/cd': Permission denied
cp: cannot stat `/media/dev/screenshots/cache/92': Permission denied
cp: cannot stat `/media/dev/screenshots/cache/d5': Permission denied
cp: cannot stat `/media/dev/screenshots/cache/80': Permission denied
cp: cannot stat `/media/dev/screenshots/cache/1a': Permission denied
cp: cannot stat `/media/dev/screenshots/cache/d3': Permission denied
cp: cannot stat `/media/dev/screenshots/cache/7a': Permission denied
cp: cannot stat `/media/dev/screenshots/cache/a6': Permission denied
cp: cannot stat `/media/dev/screenshots/cache/fc': Permission denied
cp: cannot stat `/media/dev/screenshots/cache/67': Permission denied
cp: cannot stat `/media/dev/screenshots/cache/72': Permission denied
cp: cannot stat `/media/dev/screenshots/cache/25': Permission denied
cp: cannot stat `/media/dev/screenshots/cache/3a': Permission denied
cp: cannot stat `/media/dev/screenshots/cache/56': Permission denied
cp: cannot stat `/media/dev/screenshots/cache/96': Permission denied
cp: cannot stat `/media/dev/screenshots/cache/4e': Permission denied
cp: cannot stat `/media/dev/screenshots/cache/38': Permission denied
cp: cannot stat `/media/dev/screenshots/cache/da': Permission denied
cp: cannot stat `/media/dev/screenshots/cache/eb': Permission denied
cp: cannot stat `/media/dev/screenshots/cache/02': Permission denied
cp: cannot stat `/media/dev/screenshots/cache/4d': Permission denied
cp: cannot stat `/media/dev/screenshots/cache/36': Permission denied
cp: cannot stat `/media/dev/screenshots/cache/ff': Permission denied
cp: cannot stat `/media/dev/screenshots/cache/89': Permission denied
cp: cannot stat `/media/dev/screenshots/cache/44': Permission denied
cp: cannot stat `/media/dev/screenshots/cache/9b': Permission denied
cp: cannot stat `/media/dev/screenshots/cache/1e': Permission denied
cp: cannot stat `/media/dev/screenshots/cache/1f': Permission denied
cp: cannot stat `/media/dev/screenshots/cache/c7': Permission denied
cp: cannot stat `/media/dev/screenshots/cache/c0': Permission denied
cp: cannot stat `/media/dev/screenshots/cache/06': Permission denied
cp: cannot stat `/media/dev/screenshots/cache/f2': Permission denied
cp: cannot stat `/media/dev/screenshots/cache/79': Permission denied
cp: cannot stat `/media/dev/screenshots/cache/e4': Permission denied
cp: cannot stat `/media/dev/screenshots/cache/e1': Permission denied
cp: cannot stat `/media/dev/screenshots/cache/6a': Permission denied
cp: cannot stat `/media/dev/screenshots/cache/97': Permission denied
cp: cannot stat `/media/dev/screenshots/cache/dc': Permission denied
cp: cannot stat `/media/dev/screenshots/cache/c1': Permission denied
cp: cannot stat `/media/dev/screenshots/cache/0c': Permission denied
cp: cannot stat `/media/dev/screenshots/cache/18': Permission denied
cp: cannot stat `/media/dev/screenshots/cache/a3': Permission denied
cp: cannot stat `/media/dev/screenshots/cache/5f': Permission denied
cp: cannot stat `/media/dev/screenshots/cache/12': Permission denied
cp: cannot stat `/media/dev/screenshots/cache/64': Permission denied
cp: cannot stat `/media/dev/screenshots/cache/ca': Permission denied
cp: cannot stat `/media/dev/screenshots/cache/e7': Permission denied
cp: cannot stat `/media/dev/screenshots/cache/07': Permission denied
cp: cannot stat `/media/dev/screenshots/cache/d2': Permission denied
cp: cannot stat `/media/dev/screenshots/cache/b3': Permission denied
cp: cannot stat `/media/dev/screenshots/cache/66': Permission denied
cp: cannot stat `/media/dev/screenshots/cache/a1': Permission denied
cp: cannot stat `/media/dev/screenshots/cache/b7': Permission denied
cp: cannot stat `/media/dev/screenshots/cache/48': Permission denied
cp: cannot stat `/media/dev/screenshots/cache/e2': Permission denied
cp: cannot stat `/media/dev/screenshots/cache/fd': Permission denied
cp: cannot stat `/media/dev/screenshots/cache/29': Permission denied
cp: cannot stat `/media/dev/screenshots/cache/8b': Permission denied
cp: cannot stat `/media/dev/screenshots/cache/cf': Permission denied
cp: cannot stat `/media/dev/screenshots/cache/b9': Permission denied
cp: cannot stat `/media/dev/screenshots/cache/39': Permission denied
cp: cannot stat `/media/dev/screenshots/cache/d9': Permission denied
cp: cannot stat `/media/dev/screenshots/cache/b1': Permission denied
cp: cannot stat `/media/dev/screenshots/cache/91': Permission denied
cp: cannot stat `/media/dev/screenshots/cache/11': Permission denied
cp: cannot stat `/media/dev/screenshots/cache/ee': Permission denied
cp: cannot stat `/media/dev/screenshots/cache/69': Permission denied
cp: cannot stat `/media/dev/screenshots/cache/6d': Permission denied
cp: cannot stat `/media/dev/screenshots/cache/2b': Permission denied
cp: cannot stat `/media/dev/screenshots/cache/c9': Permission denied
cp: cannot stat `/media/dev/screenshots/cache/40': Permission denied
cp: cannot stat `/media/dev/screenshots/cache/8e': Permission denied
cp: cannot stat `/media/dev/screenshots/cache/84': Permission denied
cp: cannot stat `/media/dev/screenshots/cache/3e': Permission denied
cp: cannot stat `/media/dev/screenshots/cache/a5': Permission denied
cp: cannot stat `/media/dev/screenshots/cache/bf': Permission denied
cp: cannot stat `/media/dev/screenshots/cache/23': Permission denied
cp: cannot stat `/media/dev/screenshots/cache/e6': Permission denied
cp: cannot stat `/media/dev/screenshots/cache/5c': Permission denied
cp: cannot stat `/media/dev/screenshots/cache/98': Permission denied
cp: cannot stat `/media/dev/screenshots/cache/ed': Permission denied
cp: cannot stat `/media/dev/screenshots/cache/58': Permission denied
cp: cannot stat `/media/dev/screenshots/cache/a0': Permission denied
cp: cannot stat `/media/dev/screenshots/cache/de': Permission denied
cp: cannot stat `/media/dev/screenshots/cache/61': Permission denied
cp: cannot stat `/media/dev/screenshots/cache/49': Permission denied
cp: cannot stat `/media/dev/screenshots/cache/14': Permission denied
cp: cannot stat `/media/dev/screenshots/cache/6f': Permission denied
cp: cannot stat `/media/dev/screenshots/cache/0e': Permission denied
cp: cannot stat `/media/dev/screenshots/cache/f6': Permission denied
cp: cannot stat `/media/dev/screenshots/cache/b2': Permission denied
cp: cannot stat `/media/dev/screenshots/cache/2f': Permission denied
cp: cannot stat `/media/dev/screenshots/cache/7d': Permission denied
cp: cannot stat `/media/dev/screenshots/cache/d6': Permission denied
cp: cannot stat `/media/dev/screenshots/cache/f3': Permission denied
cp: cannot stat `/media/dev/screenshots/cache/cb': Permission denied
cp: cannot stat `/media/dev/screenshots/cache/8d': Permission denied
cp: cannot stat `/media/dev/screenshots/cache/6e': Permission denied
cp: cannot stat `/media/dev/screenshots/cache/c6': Permission denied
cp: cannot stat `/media/dev/screenshots/cache/af': Permission denied
cp: cannot stat `/media/dev/screenshots/cache/9f': Permission denied
cp: cannot stat `/media/dev/screenshots/cache/05': Permission denied
cp: cannot stat `/media/dev/screenshots/cache/2d': Permission denied
cp: cannot stat `/media/dev/screenshots/cache/f9': Permission denied
cp: cannot stat `/media/dev/screenshots/cache/b4': Permission denied
cp: cannot stat `/media/dev/screenshots/cache/3c': Permission denied
cp: cannot stat `/media/dev/screenshots/cache/c5': Permission denied
cp: cannot stat `/media/dev/screenshots/cache/62': Permission denied
cp: cannot stat `/media/dev/screenshots/cache/47': Permission denied
cp: cannot stat `/media/dev/screenshots/cache/41': Permission denied
cp: cannot stat `/media/dev/screenshots/cache/30': Permission denied
cp: cannot stat `/media/dev/screenshots/cache/2c': Permission denied
cp: cannot stat `/media/dev/screenshots/cache/d1': Permission denied
cp: cannot stat `/media/dev/screenshots/cache/a9': Permission denied
cp: cannot stat `/media/dev/screenshots/cache/95': Permission denied
cp: cannot stat `/media/dev/screenshots/cache/90': Permission denied
cp: cannot stat `/media/dev/screenshots/cache/7e': Permission denied
cp: cannot stat `/media/dev/screenshots/cache/78': Permission denied
cp: cannot stat `/media/dev/screenshots/cache/2a': Permission denied
cp: cannot stat `/media/dev/screenshots/cache/31': Permission denied
cp: cannot stat `/media/dev/screenshots/cache/ce': Permission denied
cp: cannot stat `/media/dev/screenshots/cache/71': Permission denied
cp: cannot stat `/media/dev/screenshots/cache/e0': Permission denied
cp: cannot stat `/media/dev/screenshots/cache/7f': Permission denied
cp: cannot stat `/media/dev/screenshots/cache/53': Permission denied
cp: cannot stat `/media/dev/screenshots/cache/ec': Permission denied
cp: cannot stat `/media/dev/screenshots/cache/26': Permission denied
cp: cannot stat `/media/dev/screenshots/cache/08': Permission denied
cp: cannot stat `/media/dev/screenshots/cache/10': Permission denied
cp: cannot stat `/media/dev/screenshots/cache/cc': Permission denied
cp: cannot stat `/media/dev/screenshots/cache/c8': Permission denied
cp: cannot stat `/media/dev/screenshots/cache/4b': Permission denied
cp: cannot stat `/media/dev/screenshots/cache/7b': Permission denied
cp: cannot stat `/media/dev/screenshots/cache/33': Permission denied
cp: cannot stat `/media/dev/screenshots/cache/83': Permission denied
cp: cannot stat `/media/dev/screenshots/cache/8c': Permission denied
cp: cannot stat `/media/dev/screenshots/cache/3b': Permission denied
cp: cannot stat `/media/dev/screenshots/cache/5e': Permission denied
cp: cannot stat `/media/dev/screenshots/cache/bb': Permission denied
cp: cannot stat `/media/dev/screenshots/cache/27': Permission denied
cp: cannot stat `/media/dev/screenshots/cache/9c': Permission denied
cp: cannot stat `/media/dev/screenshots/cache/93': Permission denied
cp: cannot stat `/media/dev/screenshots/cache/f7': Permission denied
cp: cannot stat `/media/dev/screenshots/cache/f4': Permission denied
cp: cannot stat `/media/dev/screenshots/cache/be': Permission denied
cp: cannot stat `/media/dev/screenshots/cache/87': Permission denied
cp: cannot stat `/media/dev/screenshots/cache/a7': Permission denied
cp: cannot stat `/media/dev/screenshots/cache/7c': Permission denied
cp: cannot stat `/media/dev/screenshots/cache/d8': Permission denied
cp: cannot stat `/media/dev/screenshots/cache/52': Permission denied
cp: cannot stat `/media/dev/screenshots/cache/01': Permission denied
cp: cannot stat `/media/dev/screenshots/cache/a4': Permission denied
cp: cannot stat `/media/dev/screenshots/cache/46': Permission denied
cp: cannot stat `/media/dev/screenshots/cache/1d': Permission denied
cp: cannot stat `/media/dev/screenshots/cache/24': Permission denied
cp: cannot stat `/media/dev/screenshots/cache/5b': Permission denied
cp: cannot stat `/media/dev/screenshots/cache/ba': Permission denied
cp: cannot stat `/media/dev/screenshots/cache/c3': Permission denied
cp: cannot stat `/media/dev/screenshots/cache/fb': Permission denied
cp: cannot stat `/media/dev/screenshots/cache/0d': Permission denied
cp: cannot stat `/media/dev/screenshots/cache/db': Permission denied
cp: cannot stat `/media/dev/screenshots/cache/e3': Permission denied
cp: cannot stat `/media/dev/screenshots/cache/34': Permission denied
cp: cannot stat `/media/dev/screenshots/cache/70': Permission denied
cp: cannot stat `/media/dev/screenshots/cache/20': Permission denied
cp: cannot stat `/media/dev/screenshots/cache/8a': Permission denied
cp: cannot stat `/media/dev/screenshots/cache/00': Permission denied
cp: cannot stat `/media/dev/screenshots/cache/04': Permission denied
cp: cannot stat `/media/dev/screenshots/cache/50': Permission denied
cp: cannot stat `/media/dev/screenshots/cache/f0': Permission denied
cp: cannot stat `/media/dev/screenshots/cache/b8': Permission denied
cp: cannot stat `/media/dev/screenshots/cache/35': Permission denied
cp: cannot stat `/media/dev/screenshots/cache/e9': Permission denied
cp: cannot stat `/media/dev/screenshots/cache/df': Permission denied
cp: cannot stat `/media/dev/screenshots/cache/0f': Permission denied
cp: cannot stat `/media/dev/screenshots/cache/94': Permission denied
cp: cannot stat `/media/dev/screenshots/cache/a8': Permission denied
cp: cannot stat `/media/dev/screenshots/cache/45': Permission denied
cp: cannot stat `/media/dev/screenshots/cache/22': Permission denied
cp: cannot stat `/media/dev/screenshots/cache/4f': Permission denied
cp: cannot stat `/media/dev/screenshots/cache/1c': Permission denied
cp: cannot stat `/media/dev/screenshots/cache/ea': Permission denied
cp: cannot stat `/media/dev/screenshots/cache/0a': Permission denied
cp: cannot stat `/media/dev/screenshots/cache/d7': Permission denied
cp: cannot stat `/media/dev/screenshots/cache/81': Permission denied
cp: cannot stat `/media/dev/screenshots/cache/e5': Permission denied
cp: cannot stat `/media/dev/screenshots/cache/8f': Permission denied
cp: cannot stat `/media/dev/screenshots/cache/19': Permission denied
cp: cannot stat `/media/dev/screenshots/cache/b6': Permission denied
cp: cannot stat `/media/dev/screenshots/cache/2e': Permission denied
cp: cannot stat `/media/dev/screenshots/cache/ab': Permission denied
cp: cannot stat `/media/dev/screenshots/cache/3d': Permission denied
cp: cannot stat `/media/dev/screenshots/cache/fa': Permission denied
cp: cannot stat `/media/dev/screenshots/cache/ad': Permission denied
cp: cannot stat `/media/dev/screenshots/cache/42': Permission denied
cp: cannot stat `/media/dev/screenshots/cache/3f': Permission denied
cp: cannot stat `/media/dev/screenshots/cache/ac': Permission denied
cp: cannot stat `/media/dev/screenshots/cache/9d': Permission denied
cp: cannot stat `/media/dev/screenshots/cache/85': Permission denied
cp: cannot stat `/media/dev/screenshots/cache/0b': Permission denied
cp: cannot stat `/media/dev/screenshots/cache/bc': Permission denied
cp: cannot stat `/media/dev/screenshots/cache/15': Permission denied
cp: cannot stat `/media/dev/screenshots/cache/b5': Permission denied
cp: cannot stat `/media/dev/screenshots/cache/99': Permission denied
cp: cannot stat `/media/dev/screenshots/cache/43': Permission denied
cp: cannot stat `/media/dev/screenshots/cache/09': Permission denied
cp: cannot stat `/media/dev/screenshots/cache/c2': Permission denied
cp: cannot stat `/media/dev/screenshots/cache/21': Permission denied
cp: cannot stat `/media/dev/screenshots/cache/82': Permission denied
cp: cannot stat `/media/dev/screenshots/cache/68': Permission denied
cp: cannot stat `/media/dev/screenshots/images/temp/28774088223.png': Permission denied
cp: cannot stat `/media/dev/screenshots/images/temp/963259437583.jpg': Permission denied
cp: cannot stat `/media/dev/screenshots/images/temp/942161191263.jpg': Permission denied
cp: cannot stat `/media/dev/screenshots/images/temp/398242610576.jpg': Permission denied
cp: cannot stat `/media/dev/screenshots/images/temp/615570234558.jpg': Permission denied
cp: cannot stat `/media/dev/screenshots/images/temp/367312555801.png': Permission denied
cp: cannot stat `/media/dev/screenshots/images/temp/434573330986.jpg': Permission denied
cp: cannot stat `/media/dev/screenshots/images/temp/48302236504.jpg': Permission denied
cp: cannot stat `/media/dev/screenshots/images/temp/751807183280.jpg': Permission denied
cp: cannot stat `/media/dev/screenshots/images/temp/862824609292.jpg': Permission denied
cp: cannot stat `/media/dev/screenshots/images/temp/971067060010.png': Permission denied
cp: cannot stat `/media/dev/screenshots/images/temp/364743501287.jpg': Permission denied
cp: cannot stat `/media/dev/screenshots/images/temp/499611218378.jpg': Permission denied
cp: cannot stat `/media/dev/screenshots/images/temp/711757744205.jpg': Permission denied
cp: cannot stat `/media/dev/screenshots/images/temp/363689067362.jpg': Permission denied
cp: cannot stat `/media/dev/screenshots/images/temp/964330359095.jpg': Permission denied
cp: cannot stat `/media/dev/screenshots/images/temp/798425637812.jpg': Permission denied
cp: cannot stat `/media/dev/screenshots/images/temp/323696770459.jpg': Permission denied
cp: cannot stat `/media/dev/screenshots/images/temp/468203887497.png': Permission denied
cp: cannot stat `/media/dev/screenshots/images/temp/325301660134.jpg': Permission denied
cp: cannot stat `/media/dev/screenshots/images/temp/767846487243.jpg': Permission denied
cp: cannot stat `/media/dev/screenshots/images/temp/865038901533.png': Permission denied
cp: cannot stat `/media/dev/screenshots/images/temp/107061346339.jpg': Permission denied
cp: cannot stat `/media/dev/screenshots/images/temp/147791273195.jpg': Permission denied
cp: cannot stat `/media/dev/screenshots/images/temp/296069576195.jpg': Permission denied
cp: cannot stat `/media/dev/screenshots/images/temp/45781708397.jpg': Permission denied
cp: cannot stat `/media/dev/screenshots/images/temp/310990753474.jpg': Permission denied
cp: cannot stat `/media/dev/screenshots/images/temp/200336241977.jpg': Permission denied
cp: cannot stat `/media/dev/screenshots/images/temp/987640628848.jpg': Permission denied
cp: cannot stat `/media/dev/screenshots/images/temp/782152208482.jpg': Permission denied
cp: cannot stat `/media/dev/screenshots/images/temp/455826201681.jpg': Permission denied
cp: cannot stat `/media/dev/screenshots/images/temp/210643683275.jpg': Permission denied
cp: cannot stat `/media/dev/screenshots/images/temp/34162722952.jpg': Permission denied
cp: cannot stat `/media/dev/screenshots/images/temp/699847316103.jpg': Permission denied
cp: cannot stat `/media/dev/screenshots/images/temp/107977674334.jpg': Permission denied
cp: cannot stat `/media/dev/screenshots/images/temp/666488645103.png': Permission denied
cp: cannot stat `/media/dev/screenshots/images/temp/914977433147.png': Permission denied
cp: cannot stat `/media/dev/screenshots/images/temp/749738388875.jpg': Permission denied
cp: cannot stat `/media/dev/screenshots/images/temp/374647985198.png': Permission denied
cp: cannot stat `/media/dev/screenshots/images/temp/161032992760.jpg': Permission denied
cp: cannot stat `/media/dev/screenshots/images/temp/849691935771.jpg': Permission denied
cp: cannot stat `/media/dev/screenshots/images/temp/767625268427.jpg': Permission denied
cp: cannot stat `/media/dev/screenshots/images/temp/498234379565.jpg': Permission denied
cp: cannot stat `/media/dev/screenshots/images/temp/456764538273.jpg': Permission denied
cp: cannot stat `/media/dev/screenshots/images/temp/300860800359.jpg': Permission denied
cp: cannot stat `/media/dev/screenshots/images/temp/231261905951.jpg': Permission denied
cp: cannot stat `/media/dev/screenshots/images/temp/945587412690.jpg': Permission denied
cp: cannot stat `/media/dev/screenshots/images/temp/693380396984.jpg': Permission denied
cp: cannot stat `/media/dev/screenshots/images/temp/60088697465.jpg': Permission denied
cp: cannot stat `/media/dev/screenshots/images/temp/801986234211.png': Permission denied
cp: cannot stat `/media/dev/screenshots/images/temp/842249408005.jpg': Permission denied
cp: cannot stat `/media/dev/screenshots/images/temp/263173330655.jpg': Permission denied
cp: cannot stat `/media/dev/screenshots/images/temp/443654568987.jpg': Permission denied
cp: cannot stat `/media/dev/screenshots/images/temp/826191030408.png': Permission denied
cp: cannot stat `/media/dev/screenshots/images/temp/229275383429.png': Permission denied
cp: cannot stat `/media/dev/screenshots/images/temp/477476494193.jpg': Permission denied
cp: cannot stat `/media/dev/screenshots/images/temp/492274649179.jpg': Permission denied
cp: cannot stat `/media/dev/screenshots/images/temp/70726836397.png': Permission denied
cp: cannot stat `/media/dev/screenshots/images/temp/556640380414.jpg': Permission denied
cp: cannot stat `/media/dev/screenshots/images/temp/319870796155.png': Permission denied
cp: cannot stat `/media/dev/screenshots/images/temp/723225081561.jpg': Permission denied
cp: cannot stat `/media/dev/screenshots/images/temp/955276573446.jpg': Permission denied
cp: cannot stat `/media/dev/screenshots/images/temp/821963135243.jpg': Permission denied
cp: cannot stat `/media/dev/screenshots/images/temp/623413372289.png': Permission denied
cp: cannot stat `/media/dev/screenshots/images/temp/515345533266.jpg': Permission denied
cp: cannot stat `/media/dev/screenshots/images/temp/988875328839.jpg': Permission denied
cp: cannot stat `/media/dev/screenshots/images/temp/606714685622.jpg': Permission denied
cp: cannot stat `/media/dev/screenshots/images/temp/350258965196.jpg': Permission denied
cp: cannot stat `/media/dev/screenshots/images/temp/966492133448.jpg': Permission denied
cp: cannot stat `/media/dev/screenshots/images/temp/82848831560.jpg': Permission denied
cp: cannot stat `/media/dev/screenshots/images/temp/419934668505.jpeg': Permission denied
cp: cannot stat `/media/dev/screenshots/images/temp/183740802165.png': Permission denied
cp: cannot stat `/media/dev/screenshots/images/temp/925395903460.jpg': Permission denied
cp: cannot stat `/media/dev/screenshots/images/temp/561417255331.jpg': Permission denied
cp: cannot stat `/media/dev/screenshots/images/temp/581226030466.jpg': Permission denied
cp: cannot stat `/media/dev/screenshots/images/temp/962692592225.jpg': Permission denied
cp: cannot stat `/media/dev/screenshots/images/temp/600734621482.jpg': Permission denied
cp: cannot stat `/media/dev/screenshots/images/temp/905548541182.jpg': Permission denied
cp: cannot stat `/media/dev/screenshots/images/temp/887191403840.jpg': Permission denied
cp: cannot stat `/media/dev/screenshots/images/temp/620461192782.png': Permission denied
cp: cannot stat `/media/dev/screenshots/images/temp/321108879304.jpg': Permission denied
cp: cannot stat `/media/dev/screenshots/images/temp/238128220866.jpg': Permission denied
cp: cannot stat `/media/dev/screenshots/images/temp/505315428017.jpg': Permission denied
cp: cannot stat `/media/dev/screenshots/images/temp/584141413661.jpg': Permission denied
cp: cannot stat `/media/dev/screenshots/images/temp/593791947924.png': Permission denied
cp: cannot stat `/media/dev/screenshots/images/temp/29778376640.jpg': Permission denied
cp: cannot stat `/media/dev/screenshots/images/temp/676527109390.jpg': Permission denied
cp: cannot stat `/media/dev/screenshots/images/temp/587836947175.jpg': Permission denied
cp: cannot stat `/media/dev/screenshots/images/temp/339032332880.jpg': Permission denied
cp: cannot stat `/media/dev/screenshots/images/temp/785734855045.png': Permission denied
cp: cannot stat `/media/dev/screenshots/images/temp/857366146884.jpeg': Permission denied
cp: cannot stat `/media/dev/screenshots/images/temp/479434795238.jpg': Permission denied
cp: cannot stat `/media/dev/screenshots/images/temp/675341077209.jpg': Permission denied
cp: cannot stat `/media/dev/screenshots/images/temp/898851587328.jpg': Permission denied
cp: cannot stat `/media/dev/screenshots/images/temp/586049097040.jpg': Permission denied
cp: cannot stat `/media/dev/screenshots/images/temp/615300946047.jpg': Permission denied
cp: cannot stat `/media/dev/screenshots/images/temp/994147957815.jpg': Permission denied
cp: cannot stat `/media/dev/screenshots/images/temp/744616312444.jpg': Permission denied
cp: cannot stat `/media/dev/screenshots/images/temp/843017101518.jpg': Permission denied
cp: cannot stat `/media/dev/screenshots/images/temp/930864385053.jpg': Permission denied
cp: cannot stat `/media/dev/screenshots/images/temp/406068745598.jpg': Permission denied
cp: cannot stat `/media/dev/screenshots/images/temp/139555732790.jpg': Permission denied
cp: cannot stat `/media/dev/screenshots/images/temp/361469478625.jpg': Permission denied
cp: cannot stat `/media/dev/screenshots/images/temp/974211886590.png': Permission denied
cp: cannot stat `/media/dev/screenshots/images/temp/719094491197.png': Permission denied
cp: cannot stat `/media/dev/screenshots/images/temp/test2.png': Permission denied
cp: cannot stat `/media/dev/screenshots/images/temp/618259328170.jpg': Permission denied
cp: cannot stat `/media/dev/screenshots/images/temp/74254461070.jpg': Permission denied
cp: cannot stat `/media/dev/screenshots/images/temp/673576427464.jpg': Permission denied
cp: cannot stat `/media/dev/screenshots/images/temp/634312613789.jpg': Permission denied
cp: cannot stat `/media/dev/screenshots/images/temp/802775739071.jpg': Permission denied
cp: cannot stat `/media/dev/screenshots/images/temp/479709413083.jpg': Permission denied
cp: cannot stat `/media/dev/screenshots/images/temp/719207808608.jpg': Permission denied
cp: cannot stat `/media/dev/screenshots/images/temp/327291427200.jpg': Permission denied
cp: cannot stat `/media/dev/screenshots/images/temp/849883416040.jpg': Permission denied
cp: cannot stat `/media/dev/screenshots/images/temp/970724455870.jpg': Permission denied
cp: cannot stat `/media/dev/screenshots/images/temp/935151767126.jpg': Permission denied
cp: cannot stat `/media/dev/screenshots/images/temp/923764830903.jpg': Permission denied
cp: cannot stat `/media/dev/screenshots/images/temp/757876614849.jpg': Permission denied
cp: cannot stat `/media/dev/screenshots/images/temp/938175002969.jpg': Permission denied
cp: cannot stat `/media/dev/screenshots/images/temp/633427927875.jpg': Permission denied
cp: cannot stat `/media/dev/screenshots/images/temp/228558565734.jpg': Permission denied
cp: cannot stat `/media/dev/screenshots/images/temp/424893068272.jpg': Permission denied
cp: cannot stat `/media/dev/screenshots/images/temp/248981772429.jpg': Permission denied
cp: cannot stat `/media/dev/screenshots/images/temp/895222558274.jpg': Permission denied
cp: cannot stat `/media/dev/screenshots/images/temp/210401783641.jpg': Permission denied
cp: cannot stat `/media/dev/screenshots/images/temp/889812181675.png': Permission denied
cp: cannot stat `/media/dev/screenshots/images/temp/491624580845.jpg': Permission denied
cp: cannot stat `/media/dev/screenshots/images/temp/186178727541.jpg': Permission denied
cp: cannot stat `/media/dev/screenshots/images/temp/855559262809.jpg': Permission denied
cp: cannot stat `/media/dev/screenshots/images/temp/998682565816.jpg': Permission denied
cp: cannot stat `/media/dev/screenshots/images/temp/66393816173.png': Permission denied
cp: cannot stat `/media/dev/screenshots/images/temp/288007517185.jpg': Permission denied
cp: cannot stat `/media/dev/screenshots/images/temp/389404744058.jpg': Permission denied
cp: cannot stat `/media/dev/screenshots/images/temp/867205049026.jpg': Permission denied
cp: cannot stat `/media/dev/screenshots/images/temp/762469477405.jpg': Permission denied
cp: cannot stat `/media/dev/screenshots/images/temp/744792135361.jpg': Permission denied
cp: cannot stat `/media/dev/screenshots/images/temp/585808981656.jpg': Permission denied
cp: cannot stat `/media/dev/screenshots/images/temp/428080054577.jpg': Permission denied
cp: cannot stat `/media/dev/screenshots/images/temp/255477563414.jpg': Permission denied
cp: cannot stat `/media/dev/screenshots/images/temp/34049386646.jpg': Permission denied
cp: cannot stat `/media/dev/screenshots/images/temp/226544220235.jpg': Permission denied
cp: cannot stat `/media/dev/screenshots/images/temp/334681497172.png': Permission denied
cp: cannot stat `/media/dev/screenshots/images/temp/347227789550.jpg': Permission denied
cp: cannot stat `/media/dev/screenshots/images/temp/928063254002.jpg': Permission denied
cp: cannot stat `/media/dev/screenshots/images/temp/361862010710.jpg': Permission denied
cp: cannot stat `/media/dev/screenshots/images/temp/272819211098.jpg': Permission denied
cp: cannot stat `/media/dev/screenshots/images/temp/399541200229.png': Permission denied
cp: cannot stat `/media/dev/screenshots/images/temp/244047167477.jpg': Permission denied
cp: cannot stat `/media/dev/screenshots/images/temp/975068229695.jpg': Permission denied
cp: cannot stat `/media/dev/screenshots/images/temp/538484737886.jpg': Permission denied
cp: cannot stat `/media/dev/screenshots/images/temp/984301194608.png': Permission denied
cp: cannot stat `/media/dev/screenshots/images/temp/95022457710.jpg': Permission denied
cp: cannot stat `/media/dev/screenshots/images/temp/344978719863.jpg': Permission denied
cp: cannot stat `/media/dev/screenshots/images/temp/258112553293.jpg': Permission denied
cp: cannot stat `/media/dev/screenshots/images/temp/828381766196.png': Permission denied
cp: cannot stat `/media/dev/screenshots/images/temp/944549045219.jpg': Permission denied
cp: cannot stat `/media/dev/screenshots/images/temp/534563800027.jpg': Permission denied
cp: cannot stat `/media/dev/screenshots/images/temp/684007093664.jpg': Permission denied
cp: cannot stat `/media/dev/screenshots/images/temp/235623296700.jpg': Permission denied
cp: cannot stat `/media/dev/screenshots/images/temp/742777583966.jpg': Permission denied
cp: cannot stat `/media/dev/screenshots/images/temp/244280034863.png': Permission denied
cp: cannot stat `/media/dev/screenshots/images/temp/261949108706.jpg': Permission denied
cp: cannot stat `/media/dev/screenshots/images/temp/455120111190.jpg': Permission denied
cp: cannot stat `/media/dev/screenshots/images/temp/683412016219.png': Permission denied
cp: cannot stat `/media/dev/screenshots/images/temp/342368091948.jpg': Permission denied
cp: cannot stat `/media/dev/screenshots/images/temp/744590418316.jpg': Permission denied
cp: cannot stat `/media/dev/screenshots/images/temp/188962626199.jpg': Permission denied
cp: cannot stat `/media/dev/screenshots/images/temp/717513765106.jpg': Permission denied
cp: cannot stat `/media/dev/screenshots/images/temp/894380578914.png': Permission denied
cp: cannot stat `/media/dev/screenshots/images/temp/30861339202.jpg': Permission denied
cp: cannot stat `/media/dev/screenshots/images/temp/169068879469.jpg': Permission denied
cp: cannot stat `/media/dev/screenshots/images/temp/240910884641.jpg': Permission denied
cp: cannot stat `/media/dev/screenshots/images/temp/347987204894.jpg': Permission denied
cp: cannot stat `/media/dev/screenshots/images/temp/678877983906.jpg': Permission denied
cp: cannot stat `/media/dev/screenshots/images/temp/532174120654.jpg': Permission denied
cp: cannot stat `/media/dev/screenshots/images/temp/481373968237.jpg': Permission denied
cp: cannot stat `/media/dev/screenshots/images/temp/487566485935.png': Permission denied
cp: cannot stat `/media/dev/screenshots/images/temp/979140850158.jpg': Permission denied
cp: cannot stat `/media/dev/screenshots/images/temp/73736135918.jpg': Permission denied
cp: cannot stat `/media/dev/screenshots/images/temp/296843811884.jpg': Permission denied
cp: cannot stat `/media/dev/screenshots/images/temp/340994570003.jpg': Permission denied
cp: cannot stat `/media/dev/screenshots/images/temp/751789358414.jpg': Permission denied
cp: cannot stat `/media/dev/screenshots/images/temp/661362274634.png': Permission denied
cp: cannot stat `/media/dev/screenshots/images/temp/495484527023.jpg': Permission denied
cp: cannot stat `/media/dev/screenshots/images/temp/370020265013.jpg': Permission denied
cp: cannot stat `/media/dev/screenshots/images/temp/688438885968.png': Permission denied
cp: cannot stat `/media/dev/screenshots/images/temp/505166890248.jpg': Permission denied
cp: cannot stat `/media/dev/screenshots/images/temp/116173669383.jpg': Permission denied
cp: cannot stat `/media/dev/screenshots/images/temp/455286522020.jpg': Permission denied
cp: cannot stat `/media/dev/screenshots/images/temp/test.png': Permission denied
cp: cannot stat `/media/dev/screenshots/images/temp/695061542896.jpg': Permission denied
cp: cannot stat `/media/dev/screenshots/images/temp/1374248601.jpg': Permission denied
cp: cannot stat `/media/dev/screenshots/images/temp/861602057434.jpg': Permission denied
cp: cannot stat `/media/dev/screenshots/images/temp/766612727299.jpg': Permission denied
cp: cannot stat `/media/dev/screenshots/images/temp/608804812326.jpg': Permission denied
cp: cannot stat `/media/dev/screenshots/images/temp/949758131830.jpg': Permission denied
cp: cannot stat `/media/dev/screenshots/images/temp/997588330117.jpg': Permission denied
cp: cannot stat `/media/dev/screenshots/images/temp/885654353959.jpg': Permission denied
cp: cannot stat `/media/dev/screenshots/images/temp/931557302806.jpg': Permission denied
cp: cannot stat `/media/dev/screenshots/images/temp/963965370327.png': Permission denied
cp: cannot stat `/media/dev/screenshots/images/temp/705913316215.jpg': Permission denied
cp: cannot stat `/media/dev/screenshots/images/temp/739858848303.jpg': Permission denied
cp: cannot stat `/media/dev/screenshots/images/temp/402627899310.jpg': Permission denied
cp: cannot stat `/media/dev/screenshots/images/temp/888162973296.jpg': Permission denied
cp: cannot stat `/media/dev/screenshots/images/temp/163864858719.jpg': Permission denied
cp: cannot stat `/media/dev/screenshots/images/temp/346322173693.jpg': Permission denied
cp: cannot stat `/media/dev/screenshots/images/temp/149938420828.jpg': Permission denied
cp: cannot stat `/media/dev/screenshots/images/temp/277794853164.jpg': Permission denied
cp: cannot stat `/media/dev/screenshots/images/temp/331338227026.png': Permission denied
cp: cannot stat `/media/dev/screenshots/images/temp/832943896849.jpg': Permission denied
cp: cannot stat `/media/dev/screenshots/images/temp/594097265125.jpg': Permission denied
cp: cannot stat `/media/dev/screenshots/images/temp/432081511112.png': Permission denied
cp: cannot stat `/media/dev/screenshots/images/temp/352727669463.jpg': Permission denied
cp: cannot stat `/media/dev/screenshots/images/temp/403668930605.jpg': Permission denied
cp: cannot stat `/media/dev/screenshots/images/temp/503310646667.jpg': Permission denied
cp: cannot stat `/media/dev/screenshots/images/temp/893408216342.png': Permission denied
cp: cannot stat `/media/dev/screenshots/images/temp/976313027363.jpg': Permission denied
cp: cannot stat `/media/dev/screenshots/images/temp/179880563675.jpg': Permission denied
cp: cannot stat `/media/dev/screenshots/images/temp/278426922628.jpg': Permission denied
cp: cannot stat `/media/dev/screenshots/images/temp/985530565852.jpg': Permission denied
cp: cannot stat `/media/dev/screenshots/images/temp/647056331371.jpg': Permission denied
cp: cannot stat `/media/dev/screenshots/images/temp/165142638246.jpg': Permission denied
cp: cannot stat `/media/dev/screenshots/images/temp/851332698743.png': Permission denied
cp: cannot stat `/media/dev/screenshots/images/temp/627360443845.jpg': Permission denied
cp: cannot stat `/media/dev/screenshots/images/temp/678430258203.jpg': Permission denied
cp: cannot stat `/media/dev/screenshots/images/temp/329455838912.jpg': Permission denied
cp: cannot stat `/media/dev/screenshots/images/temp/929904896833.jpg': Permission denied
cp: cannot stat `/media/dev/screenshots/images/temp/644972304211.jpg': Permission denied
cp: cannot stat `/media/dev/screenshots/images/temp/866131920061.jpg': Permission denied
cp: cannot stat `/media/dev/screenshots/images/temp/16606013147.jpg': Permission denied
cp: cannot stat `/media/dev/screenshots/images/temp/4029576481.jpg': Permission denied
cp: cannot stat `/media/dev/screenshots/images/temp/590138901093.jpg': Permission denied
cp: cannot stat `/media/dev/screenshots/images/temp/963936000609.png': Permission denied
cp: cannot stat `/media/dev/screenshots/images/temp/313894758224.jpg': Permission denied
cp: cannot stat `/media/dev/screenshots/images/temp/671840615789.png': Permission denied
cp: cannot stat `/media/dev/screenshots/images/temp/896580649786.jpg': Permission denied
cp: cannot stat `/media/dev/screenshots/images/temp/792868686307.jpeg': Permission denied
cp: cannot stat `/media/dev/screenshots/images/temp/550129039984.jpg': Permission denied
cp: cannot stat `/media/dev/screenshots/images/temp/443549543727.jpg': Permission denied
cp: cannot stat `/media/dev/screenshots/images/temp/402271410342.png': Permission denied
cp: cannot stat `/media/dev/screenshots/images/temp/216880269586.jpg': Permission denied
cp: cannot stat `/media/dev/screenshots/images/temp/645631695518.jpg': Permission denied
cp: cannot stat `/media/dev/screenshots/images/temp/392749546359.jpg': Permission denied
cp: cannot stat `/media/dev/screenshots/images/temp/337801921716.png': Permission denied
cp: cannot stat `/media/dev/screenshots/images/temp/172002629565.jpg': Permission denied
cp: cannot stat `/media/dev/screenshots/images/temp/222630085145.png': Permission denied
cp: cannot stat `/media/dev/screenshots/images/temp/147621776155.jpg': Permission denied
cp: cannot stat `/media/dev/screenshots/images/temp/626784718263.jpg': Permission denied
cp: cannot stat `/media/dev/screenshots/images/temp/14417869866.png': Permission denied
cp: cannot stat `/media/dev/screenshots/images/temp/623727352873.jpg': Permission denied
cp: cannot stat `/media/dev/screenshots/images/temp/103777226898.jpg': Permission denied
cp: cannot stat `/media/dev/screenshots/images/temp/23977583232.jpg': Permission denied
cp: cannot stat `/media/dev/screenshots/images/temp/29573874305.jpg': Permission denied
cp: cannot stat `/media/dev/screenshots/images/temp/904716589124.jpg': Permission denied
cp: cannot stat `/media/dev/screenshots/images/temp/209062593426.png': Permission denied
cp: cannot stat `/media/dev/screenshots/images/temp/741967213982.jpg': Permission denied
cp: cannot stat `/media/dev/screenshots/images/temp/952293961255.jpg': Permission denied
cp: cannot stat `/media/dev/screenshots/images/temp/479901761401.jpg': Permission denied
cp: cannot stat `/media/dev/screenshots/images/temp/763920224451.png': Permission denied
cp: cannot stat `/media/dev/screenshots/images/temp/845126917194.jpg': Permission denied
cp: cannot stat `/media/dev/screenshots/images/temp/932552638500.jpg': Permission denied
cp: cannot stat `/media/dev/screenshots/images/temp/264132704282.jpg': Permission denied
cp: cannot stat `/media/dev/screenshots/images/temp/990716090477.jpg': Permission denied
cp: cannot stat `/media/dev/screenshots/images/temp/260913878925.png': Permission denied
cp: cannot stat `/media/dev/screenshots/images/temp/131070558884.png': Permission denied
cp: cannot stat `/media/dev/screenshots/images/temp/405426959967.png': Permission denied
cp: cannot stat `/media/dev/screenshots/images/temp/804114110979.jpg': Permission denied
cp: cannot stat `/media/dev/screenshots/images/temp/774229788198.jpg': Permission denied
cp: cannot stat `/media/dev/screenshots/images/temp/326342290953.png': Permission denied
cp: cannot stat `/media/dev/screenshots/images/temp/407424890696.jpg': Permission denied
cp: cannot stat `/media/dev/screenshots/images/temp/872563212735.jpg': Permission denied
cp: cannot stat `/media/dev/screenshots/images/temp/142726441661.jpg': Permission denied
cp: cannot stat `/media/dev/screenshots/images/temp/123654820344.png': Permission denied
cp: cannot stat `/media/dev/screenshots/images/temp/407697291316.jpg': Permission denied
cp: cannot stat `/media/dev/screenshots/images/temp/208510779217.jpg': Permission denied
cp: cannot stat `/media/dev/screenshots/images/temp/367987179228.jpg': Permission denied
cp: cannot stat `/media/dev/screenshots/images/temp/256046892111.png': Permission denied
cp: cannot stat `/media/dev/screenshots/images/temp/719079714767.png': Permission denied
cp: cannot stat `/media/dev/screenshots/images/temp/134619940310.jpg': Permission denied
cp: cannot stat `/media/dev/screenshots/images/temp/79077447874.jpg': Permission denied
cp: cannot stat `/media/dev/screenshots/screenshots/311168.png': Permission denied
cp: cannot stat `/media/dev/screenshots/screenshots/109544.png': Permission denied
cp: cannot stat `/media/dev/screenshots/screenshots/176294.png': Permission denied
cp: cannot stat `/media/dev/screenshots/screenshots/994347.png': Permission denied
cp: cannot stat `/media/dev/screenshots/screenshots/144996.png': Permission denied
cp: cannot stat `/media/dev/screenshots/screenshots/850443.png': Permission denied
cp: cannot stat `/media/dev/screenshots/screenshots/308790.png': Permission denied
cp: cannot stat `/media/dev/screenshots/screenshots/628101.png': Permission denied
cp: cannot stat `/media/dev/screenshots/screenshots/184699.png': Permission denied
cp: cannot stat `/media/dev/screenshots/screenshots/830418.png': Permission denied
cp: cannot stat `/media/dev/screenshots/screenshots/132528.png': Permission denied
cp: cannot stat `/media/dev/screenshots/screenshots/402094.png': Permission denied
cp: cannot stat `/media/dev/screenshots/screenshots/958523.png': Permission denied
cp: cannot stat `/media/dev/screenshots/screenshots/971349.png': Permission denied
cp: cannot stat `/media/dev/screenshots/screenshots/718578.png': Permission denied
cp: cannot stat `/media/dev/screenshots/screenshots/500891.png': Permission denied
cp: cannot stat `/media/dev/screenshots/screenshots/456876.png': Permission denied
cp: cannot stat `/media/dev/screenshots/screenshots/815824.png': Permission denied
cp: cannot stat `/media/dev/screenshots/screenshots/136982.png': Permission denied
cp: cannot stat `/media/dev/screenshots/screenshots/414778.png': Permission denied
cp: cannot stat `/media/dev/screenshots/screenshots/80667.png': Permission denied
cp: cannot stat `/media/dev/screenshots/screenshots/4156.png': Permission denied
cp: cannot stat `/media/dev/screenshots/screenshots/45216.png': Permission denied
cp: cannot stat `/media/dev/screenshots/screenshots/236827.png': Permission denied
cp: cannot stat `/media/dev/screenshots/screenshots/674186.png': Permission denied
cp: cannot stat `/media/dev/screenshots/screenshots/145990.png': Permission denied
cp: cannot stat `/media/dev/screenshots/screenshots/916130.png': Permission denied
cp: cannot stat `/media/dev/screenshots/screenshots/523847.png': Permission denied
cp: cannot stat `/media/dev/screenshots/screenshots/605552.png': Permission denied
cp: cannot stat `/media/dev/screenshots/screenshots/460001.png': Permission denied
cp: cannot stat `/media/dev/screenshots/screenshots/330007.png': Permission denied
cp: cannot stat `/media/dev/screenshots/screenshots/529286.png': Permission denied
cp: cannot stat `/media/dev/screenshots/screenshots/581687.png': Permission denied
cp: cannot stat `/media/dev/screenshots/screenshots/992928.png': Permission denied
cp: cannot stat `/media/dev/screenshots/screenshots/32039.png': Permission denied
cp: cannot stat `/media/dev/screenshots/screenshots/402939.png': Permission denied
cp: cannot stat `/media/dev/screenshots/screenshots/777697.png': Permission denied
cp: cannot stat `/media/dev/screenshots/screenshots/86594.png': Permission denied
cp: cannot stat `/media/dev/screenshots/screenshots/746309.png': Permission denied
cp: cannot stat `/media/dev/screenshots/screenshots/892604.png': Permission denied
cp: cannot stat `/media/dev/screenshots/screenshots/211944.png': Permission denied
cp: cannot stat `/media/dev/screenshots/screenshots/161039.png': Permission denied
cp: cannot stat `/media/dev/screenshots/screenshots/725785.png': Permission denied
cp: cannot stat `/media/dev/screenshots/screenshots/500560.png': Permission denied
cp: cannot stat `/media/dev/screenshots/screenshots/77718.png': Permission denied
cp: cannot stat `/media/dev/screenshots/screenshots/105574.png': Permission denied
cp: cannot stat `/media/dev/screenshots/screenshots/801408.png': Permission denied
cp: cannot stat `/media/dev/screenshots/screenshots/400216.png': Permission denied
cp: cannot stat `/media/dev/screenshots/screenshots/21619.png': Permission denied
cp: cannot stat `/media/dev/screenshots/screenshots/218522.png': Permission denied
cp: cannot stat `/media/dev/screenshots/screenshots/423084.png': Permission denied
cp: cannot stat `/media/dev/screenshots/screenshots/983048.png': Permission denied
cp: cannot stat `/media/dev/screenshots/screenshots/318475.png': Permission denied
cp: cannot stat `/media/dev/screenshots/screenshots/984895.png': Permission denied
cp: cannot stat `/media/dev/screenshots/screenshots/675997.png': Permission denied
cp: cannot stat `/media/dev/screenshots/screenshots/360271.png': Permission denied
cp: cannot stat `/media/dev/screenshots/screenshots/54752.png': Permission denied
cp: cannot stat `/media/dev/screenshots/screenshots/7702.png': Permission denied
cp: cannot stat `/media/dev/screenshots/screenshots/786657.png': Permission denied
cp: cannot stat `/media/dev/screenshots/screenshots/710479.png': Permission denied
cp: cannot stat `/media/dev/screenshots/screenshots/75490.png': Permission denied
cp: cannot stat `/media/dev/screenshots/screenshots/425614.png': Permission denied
cp: cannot stat `/media/dev/screenshots/screenshots/888971.png': Permission denied
cp: cannot stat `/media/dev/screenshots/screenshots/413865.png': Permission denied
cp: cannot stat `/media/dev/screenshots/screenshots/201864.png': Permission denied
cp: cannot stat `/media/dev/screenshots/screenshots/589283.png': Permission denied
cp: cannot stat `/media/dev/screenshots/screenshots/107395.png': Permission denied
cp: cannot stat `/media/dev/screenshots/screenshots/525527.png': Permission denied
cp: cannot stat `/media/dev/screenshots/screenshots/58411.png': Permission denied
cp: cannot stat `/media/dev/screenshots/screenshots/23580.png': Permission denied
cp: cannot stat `/media/dev/screenshots/screenshots/213369.png': Permission denied
cp: cannot stat `/media/dev/screenshots/screenshots/265763.png': Permission denied
cp: cannot stat `/media/dev/screenshots/screenshots/484282.png': Permission denied
cp: cannot stat `/media/dev/screenshots/screenshots/62944.png': Permission denied
cp: cannot stat `/media/dev/screenshots/screenshots/937528.png': Permission denied
cp: cannot stat `/media/dev/screenshots/screenshots/22185.png': Permission denied
cp: cannot stat `/media/dev/screenshots/screenshots/323630.png': Permission denied
cp: cannot stat `/media/dev/screenshots/screenshots/310600.png': Permission denied
cp: cannot stat `/media/dev/screenshots/screenshots/157946.png': Permission denied
cp: cannot stat `/media/dev/screenshots/screenshots/116133.png': Permission denied
cp: cannot stat `/media/dev/screenshots/screenshots/205382.png': Permission denied
cp: cannot stat `/media/dev/screenshots/screenshots/779154.png': Permission denied
cp: cannot stat `/media/dev/screenshots/screenshots/473626.png': Permission denied
cp: cannot stat `/media/dev/screenshots/screenshots/572589.png': Permission denied
cp: cannot stat `/media/dev/screenshots/screenshots/820601.png': Permission denied
cp: cannot stat `/media/dev/screenshots/screenshots/552202.png': Permission denied
cp: cannot stat `/media/dev/screenshots/screenshots/743687.png': Permission denied
cp: cannot stat `/media/dev/screenshots/screenshots/216542.png': Permission denied
cp: cannot stat `/media/dev/screenshots/cache/aa': Permission denied
cp: cannot stat `/media/dev/screenshots/cache/9e': Permission denied
cp: cannot stat `/media/dev/screenshots/cache/c4': Permission denied
cp: cannot stat `/media/dev/screenshots/cache/9a': Permission denied
cp: cannot stat `/media/dev/screenshots/cache/5a': Permission denied
cp: cannot stat `/media/dev/screenshots/cache/16': Permission denied
cp: cannot stat `/media/dev/screenshots/cache/63': Permission denied
cp: cannot stat `/media/dev/screenshots/cache/b0': Permission denied
cp: cannot stat `/media/dev/screenshots/cache/d0': Permission denied
cp: cannot stat `/media/dev/screenshots/cache/f5': Permission denied
cp: cannot stat `/media/dev/screenshots/cache/60': Permission denied
cp: cannot stat `/media/dev/screenshots/cache/17': Permission denied
cp: cannot stat `/media/dev/screenshots/cache/74': Permission denied
cp: cannot stat `/media/dev/screenshots/cache/dd': Permission denied
cp: cannot stat `/media/dev/screenshots/cache/fe': Permission denied
cp: cannot stat `/media/dev/screenshots/cache/4c': Permission denied
cp: cannot stat `/media/dev/screenshots/cache/4a': Permission denied
cp: cannot stat `/media/dev/screenshots/cache/59': Permission denied
cp: cannot stat `/media/dev/screenshots/cache/32': Permission denied
cp: cannot stat `/media/dev/screenshots/cache/54': Permission denied
cp: cannot stat `/media/dev/screenshots/cache/28': Permission denied
cp: cannot stat `/media/dev/screenshots/cache/6b': Permission denied
cp: cannot stat `/media/dev/screenshots/cache/55': Permission denied
cp: cannot stat `/media/dev/screenshots/cache/37': Permission denied
cp: cannot stat `/media/dev/screenshots/cache/f8': Permission denied
cp: cannot stat `/media/dev/screenshots/cache/bd': Permission denied
cp: cannot stat `/media/dev/screenshots/cache/88': Permission denied
cp: cannot stat `/media/dev/screenshots/cache/ef': Permission denied
cp: cannot stat `/media/dev/screenshots/cache/6c': Permission denied
cp: cannot stat `/media/dev/screenshots/cache/ae': Permission denied
cp: cannot stat `/media/dev/screenshots/cache/75': Permission denied
cp: cannot stat `/media/dev/screenshots/cache/e8': Permission denied
cp: cannot stat `/media/dev/screenshots/cache/d4': Permission denied
cp: cannot stat `/media/dev/screenshots/cache/5d': Permission denied
cp: cannot stat `/media/dev/screenshots/cache/51': Permission denied
cp: cannot stat `/media/dev/screenshots/cache/86': Permission denied
cp: cannot stat `/media/dev/screenshots/cache/a2': Permission denied
cp: cannot stat `/media/dev/screenshots/cache/03': Permission denied
cp: cannot stat `/media/dev/screenshots/cache/1b': Permission denied
cp: cannot stat `/media/dev/screenshots/cache/13': Permission denied
cp: cannot stat `/media/dev/screenshots/cache/73': Permission denied
cp: cannot stat `/media/dev/screenshots/cache/57': Permission denied
cp: cannot stat `/media/dev/screenshots/cache/f1': Permission denied
cp: cannot stat `/media/dev/screenshots/cache/76': Permission denied
cp: cannot stat `/media/dev/screenshots/cache/77': Permission denied
cp: cannot stat `/media/dev/screenshots/cache/65': Permission denied
cp: cannot stat `/media/dev/screenshots/cache/cd': Permission denied
cp: cannot stat `/media/dev/screenshots/cache/92': Permission denied
cp: cannot stat `/media/dev/screenshots/cache/d5': Permission denied
cp: cannot stat `/media/dev/screenshots/cache/80': Permission denied
cp: cannot stat `/media/dev/screenshots/cache/1a': Permission denied
cp: cannot stat `/media/dev/screenshots/cache/d3': Permission denied
cp: cannot stat `/media/dev/screenshots/cache/7a': Permission denied
cp: cannot stat `/media/dev/screenshots/cache/a6': Permission denied
cp: cannot stat `/media/dev/screenshots/cache/fc': Permission denied
cp: cannot stat `/media/dev/screenshots/cache/67': Permission denied
cp: cannot stat `/media/dev/screenshots/cache/72': Permission denied
cp: cannot stat `/media/dev/screenshots/cache/25': Permission denied
cp: cannot stat `/media/dev/screenshots/cache/3a': Permission denied
cp: cannot stat `/media/dev/screenshots/cache/56': Permission denied
cp: cannot stat `/media/dev/screenshots/cache/96': Permission denied
cp: cannot stat `/media/dev/screenshots/cache/4e': Permission denied
cp: cannot stat `/media/dev/screenshots/cache/38': Permission denied
cp: cannot stat `/media/dev/screenshots/cache/da': Permission denied
cp: cannot stat `/media/dev/screenshots/cache/eb': Permission denied
cp: cannot stat `/media/dev/screenshots/cache/02': Permission denied
cp: cannot stat `/media/dev/screenshots/cache/4d': Permission denied
cp: cannot stat `/media/dev/screenshots/cache/36': Permission denied
cp: cannot stat `/media/dev/screenshots/cache/ff': Permission denied
cp: cannot stat `/media/dev/screenshots/cache/89': Permission denied
cp: cannot stat `/media/dev/screenshots/cache/44': Permission denied
cp: cannot stat `/media/dev/screenshots/cache/9b': Permission denied
cp: cannot stat `/media/dev/screenshots/cache/1e': Permission denied
cp: cannot stat `/media/dev/screenshots/cache/1f': Permission denied
cp: cannot stat `/media/dev/screenshots/cache/c7': Permission denied
cp: cannot stat `/media/dev/screenshots/cache/c0': Permission denied
cp: cannot stat `/media/dev/screenshots/cache/06': Permission denied
cp: cannot stat `/media/dev/screenshots/cache/f2': Permission denied
cp: cannot stat `/media/dev/screenshots/cache/79': Permission denied
cp: cannot stat `/media/dev/screenshots/cache/e4': Permission denied
cp: cannot stat `/media/dev/screenshots/cache/e1': Permission denied
cp: cannot stat `/media/dev/screenshots/cache/6a': Permission denied
cp: cannot stat `/media/dev/screenshots/cache/97': Permission denied
cp: cannot stat `/media/dev/screenshots/cache/dc': Permission denied
cp: cannot stat `/media/dev/screenshots/cache/c1': Permission denied
cp: cannot stat `/media/dev/screenshots/cache/0c': Permission denied
cp: cannot stat `/media/dev/screenshots/cache/18': Permission denied
cp: cannot stat `/media/dev/screenshots/cache/a3': Permission denied
cp: cannot stat `/media/dev/screenshots/cache/5f': Permission denied
cp: cannot stat `/media/dev/screenshots/cache/12': Permission denied
cp: cannot stat `/media/dev/screenshots/cache/64': Permission denied
cp: cannot stat `/media/dev/screenshots/cache/ca': Permission denied
cp: cannot stat `/media/dev/screenshots/cache/e7': Permission denied
cp: cannot stat `/media/dev/screenshots/cache/07': Permission denied
cp: cannot stat `/media/dev/screenshots/cache/d2': Permission denied
cp: cannot stat `/media/dev/screenshots/cache/b3': Permission denied
cp: cannot stat `/media/dev/screenshots/cache/66': Permission denied
cp: cannot stat `/media/dev/screenshots/cache/a1': Permission denied
cp: cannot stat `/media/dev/screenshots/cache/b7': Permission denied
cp: cannot stat `/media/dev/screenshots/cache/48': Permission denied
cp: cannot stat `/media/dev/screenshots/cache/e2': Permission denied
cp: cannot stat `/media/dev/screenshots/cache/fd': Permission denied
cp: cannot stat `/media/dev/screenshots/cache/29': Permission denied
cp: cannot stat `/media/dev/screenshots/cache/8b': Permission denied
cp: cannot stat `/media/dev/screenshots/cache/cf': Permission denied
cp: cannot stat `/media/dev/screenshots/cache/b9': Permission denied
cp: cannot stat `/media/dev/screenshots/cache/39': Permission denied
cp: cannot stat `/media/dev/screenshots/cache/d9': Permission denied
cp: cannot stat `/media/dev/screenshots/cache/b1': Permission denied
cp: cannot stat `/media/dev/screenshots/cache/91': Permission denied
cp: cannot stat `/media/dev/screenshots/cache/11': Permission denied
cp: cannot stat `/media/dev/screenshots/cache/ee': Permission denied
cp: cannot stat `/media/dev/screenshots/cache/69': Permission denied
cp: cannot stat `/media/dev/screenshots/cache/6d': Permission denied
cp: cannot stat `/media/dev/screenshots/cache/2b': Permission denied
cp: cannot stat `/media/dev/screenshots/cache/c9': Permission denied
cp: cannot stat `/media/dev/screenshots/cache/40': Permission denied
cp: cannot stat `/media/dev/screenshots/cache/8e': Permission denied
cp: cannot stat `/media/dev/screenshots/cache/84': Permission denied
cp: cannot stat `/media/dev/screenshots/cache/3e': Permission denied
cp: cannot stat `/media/dev/screenshots/cache/a5': Permission denied
cp: cannot stat `/media/dev/screenshots/cache/bf': Permission denied
cp: cannot stat `/media/dev/screenshots/cache/23': Permission denied
cp: cannot stat `/media/dev/screenshots/cache/e6': Permission denied
cp: cannot stat `/media/dev/screenshots/cache/5c': Permission denied
cp: cannot stat `/media/dev/screenshots/cache/98': Permission denied
cp: cannot stat `/media/dev/screenshots/cache/ed': Permission denied
cp: cannot stat `/media/dev/screenshots/cache/58': Permission denied
cp: cannot stat `/media/dev/screenshots/cache/a0': Permission denied
cp: cannot stat `/media/dev/screenshots/cache/de': Permission denied
cp: cannot stat `/media/dev/screenshots/cache/61': Permission denied
cp: cannot stat `/media/dev/screenshots/cache/49': Permission denied
cp: cannot stat `/media/dev/screenshots/cache/14': Permission denied
cp: cannot stat `/media/dev/screenshots/cache/6f': Permission denied
cp: cannot stat `/media/dev/screenshots/cache/0e': Permission denied
cp: cannot stat `/media/dev/screenshots/cache/f6': Permission denied
cp: cannot stat `/media/dev/screenshots/cache/b2': Permission denied
cp: cannot stat `/media/dev/screenshots/cache/2f': Permission denied
cp: cannot stat `/media/dev/screenshots/cache/7d': Permission denied
cp: cannot stat `/media/dev/screenshots/cache/d6': Permission denied
cp: cannot stat `/media/dev/screenshots/cache/f3': Permission denied
cp: cannot stat `/media/dev/screenshots/cache/cb': Permission denied
cp: cannot stat `/media/dev/screenshots/cache/8d': Permission denied
cp: cannot stat `/media/dev/screenshots/cache/6e': Permission denied
cp: cannot stat `/media/dev/screenshots/cache/c6': Permission denied
cp: cannot stat `/media/dev/screenshots/cache/af': Permission denied
cp: cannot stat `/media/dev/screenshots/cache/9f': Permission denied
cp: cannot stat `/media/dev/screenshots/cache/05': Permission denied
cp: cannot stat `/media/dev/screenshots/cache/2d': Permission denied
cp: cannot stat `/media/dev/screenshots/cache/f9': Permission denied
cp: cannot stat `/media/dev/screenshots/cache/b4': Permission denied
cp: cannot stat `/media/dev/screenshots/cache/3c': Permission denied
cp: cannot stat `/media/dev/screenshots/cache/c5': Permission denied
cp: cannot stat `/media/dev/screenshots/cache/62': Permission denied
cp: cannot stat `/media/dev/screenshots/cache/47': Permission denied
cp: cannot stat `/media/dev/screenshots/cache/41': Permission denied
cp: cannot stat `/media/dev/screenshots/cache/30': Permission denied
cp: cannot stat `/media/dev/screenshots/cache/2c': Permission denied
cp: cannot stat `/media/dev/screenshots/cache/d1': Permission denied
cp: cannot stat `/media/dev/screenshots/cache/a9': Permission denied
cp: cannot stat `/media/dev/screenshots/cache/95': Permission denied
cp: cannot stat `/media/dev/screenshots/cache/90': Permission denied
cp: cannot stat `/media/dev/screenshots/cache/7e': Permission denied
cp: cannot stat `/media/dev/screenshots/cache/78': Permission denied
cp: cannot stat `/media/dev/screenshots/cache/2a': Permission denied
cp: cannot stat `/media/dev/screenshots/cache/31': Permission denied
cp: cannot stat `/media/dev/screenshots/cache/ce': Permission denied
cp: cannot stat `/media/dev/screenshots/cache/71': Permission denied
cp: cannot stat `/media/dev/screenshots/cache/e0': Permission denied
cp: cannot stat `/media/dev/screenshots/cache/7f': Permission denied
cp: cannot stat `/media/dev/screenshots/cache/53': Permission denied
cp: cannot stat `/media/dev/screenshots/cache/ec': Permission denied
cp: cannot stat `/media/dev/screenshots/cache/26': Permission denied
cp: cannot stat `/media/dev/screenshots/cache/08': Permission denied
cp: cannot stat `/media/dev/screenshots/cache/10': Permission denied
cp: cannot stat `/media/dev/screenshots/cache/cc': Permission denied
cp: cannot stat `/media/dev/screenshots/cache/c8': Permission denied
cp: cannot stat `/media/dev/screenshots/cache/4b': Permission denied
cp: cannot stat `/media/dev/screenshots/cache/7b': Permission denied
cp: cannot stat `/media/dev/screenshots/cache/33': Permission denied
cp: cannot stat `/media/dev/screenshots/cache/83': Permission denied
cp: cannot stat `/media/dev/screenshots/cache/8c': Permission denied
cp: cannot stat `/media/dev/screenshots/cache/3b': Permission denied
cp: cannot stat `/media/dev/screenshots/cache/5e': Permission denied
cp: cannot stat `/media/dev/screenshots/cache/bb': Permission denied
cp: cannot stat `/media/dev/screenshots/cache/27': Permission denied
cp: cannot stat `/media/dev/screenshots/cache/9c': Permission denied
cp: cannot stat `/media/dev/screenshots/cache/93': Permission denied
cp: cannot stat `/media/dev/screenshots/cache/f7': Permission denied
cp: cannot stat `/media/dev/screenshots/cache/f4': Permission denied
cp: cannot stat `/media/dev/screenshots/cache/be': Permission denied
cp: cannot stat `/media/dev/screenshots/cache/87': Permission denied
cp: cannot stat `/media/dev/screenshots/cache/a7': Permission denied
cp: cannot stat `/media/dev/screenshots/cache/7c': Permission denied
cp: cannot stat `/media/dev/screenshots/cache/d8': Permission denied
cp: cannot stat `/media/dev/screenshots/cache/52': Permission denied
cp: cannot stat `/media/dev/screenshots/cache/01': Permission denied
cp: cannot stat `/media/dev/screenshots/cache/a4': Permission denied
cp: cannot stat `/media/dev/screenshots/cache/46': Permission denied
cp: cannot stat `/media/dev/screenshots/cache/1d': Permission denied
cp: cannot stat `/media/dev/screenshots/cache/24': Permission denied
cp: cannot stat `/media/dev/screenshots/cache/5b': Permission denied
cp: cannot stat `/media/dev/screenshots/cache/ba': Permission denied
cp: cannot stat `/media/dev/screenshots/cache/c3': Permission denied
cp: cannot stat `/media/dev/screenshots/cache/fb': Permission denied
cp: cannot stat `/media/dev/screenshots/cache/0d': Permission denied
cp: cannot stat `/media/dev/screenshots/cache/db': Permission denied
cp: cannot stat `/media/dev/screenshots/cache/e3': Permission denied
cp: cannot stat `/media/dev/screenshots/cache/34': Permission denied
cp: cannot stat `/media/dev/screenshots/cache/70': Permission denied
cp: cannot stat `/media/dev/screenshots/cache/20': Permission denied
cp: cannot stat `/media/dev/screenshots/cache/8a': Permission denied
cp: cannot stat `/media/dev/screenshots/cache/00': Permission denied
cp: cannot stat `/media/dev/screenshots/cache/04': Permission denied
cp: cannot stat `/media/dev/screenshots/cache/50': Permission denied
cp: cannot stat `/media/dev/screenshots/cache/f0': Permission denied
cp: cannot stat `/media/dev/screenshots/cache/b8': Permission denied
cp: cannot stat `/media/dev/screenshots/cache/35': Permission denied
cp: cannot stat `/media/dev/screenshots/cache/e9': Permission denied
cp: cannot stat `/media/dev/screenshots/cache/df': Permission denied
cp: cannot stat `/media/dev/screenshots/cache/0f': Permission denied
cp: cannot stat `/media/dev/screenshots/cache/94': Permission denied
cp: cannot stat `/media/dev/screenshots/cache/a8': Permission denied
cp: cannot stat `/media/dev/screenshots/cache/45': Permission denied
cp: cannot stat `/media/dev/screenshots/cache/22': Permission denied
cp: cannot stat `/media/dev/screenshots/cache/4f': Permission denied
cp: cannot stat `/media/dev/screenshots/cache/1c': Permission denied
cp: cannot stat `/media/dev/screenshots/cache/ea': Permission denied
cp: cannot stat `/media/dev/screenshots/cache/0a': Permission denied
cp: cannot stat `/media/dev/screenshots/cache/d7': Permission denied
cp: cannot stat `/media/dev/screenshots/cache/81': Permission denied
cp: cannot stat `/media/dev/screenshots/cache/e5': Permission denied
cp: cannot stat `/media/dev/screenshots/cache/8f': Permission denied
cp: cannot stat `/media/dev/screenshots/cache/19': Permission denied
cp: cannot stat `/media/dev/screenshots/cache/b6': Permission denied
cp: cannot stat `/media/dev/screenshots/cache/2e': Permission denied
cp: cannot stat `/media/dev/screenshots/cache/ab': Permission denied
cp: cannot stat `/media/dev/screenshots/cache/3d': Permission denied
cp: cannot stat `/media/dev/screenshots/cache/fa': Permission denied
cp: cannot stat `/media/dev/screenshots/cache/ad': Permission denied
cp: cannot stat `/media/dev/screenshots/cache/42': Permission denied
cp: cannot stat `/media/dev/screenshots/cache/3f': Permission denied
cp: cannot stat `/media/dev/screenshots/cache/ac': Permission denied
cp: cannot stat `/media/dev/screenshots/cache/9d': Permission denied
cp: cannot stat `/media/dev/screenshots/cache/85': Permission denied
cp: cannot stat `/media/dev/screenshots/cache/0b': Permission denied
cp: cannot stat `/media/dev/screenshots/cache/bc': Permission denied
cp: cannot stat `/media/dev/screenshots/cache/15': Permission denied
cp: cannot stat `/media/dev/screenshots/cache/b5': Permission denied
cp: cannot stat `/media/dev/screenshots/cache/99': Permission denied
cp: cannot stat `/media/dev/screenshots/cache/43': Permission denied
cp: cannot stat `/media/dev/screenshots/cache/09': Permission denied
cp: cannot stat `/media/dev/screenshots/cache/c2': Permission denied
cp: cannot stat `/media/dev/screenshots/cache/21': Permission denied
cp: cannot stat `/media/dev/screenshots/cache/82': Permission denied
cp: cannot stat `/media/dev/screenshots/cache/68': Permission denied
cp: cannot stat `/media/dev/screenshots/images/temp/28774088223.png': Permission denied
cp: cannot stat `/media/dev/screenshots/images/temp/963259437583.jpg': Permission denied
cp: cannot stat `/media/dev/screenshots/images/temp/942161191263.jpg': Permission denied
cp: cannot stat `/media/dev/screenshots/images/temp/398242610576.jpg': Permission denied
cp: cannot stat `/media/dev/screenshots/images/temp/615570234558.jpg': Permission denied
cp: cannot stat `/media/dev/screenshots/images/temp/367312555801.png': Permission denied
cp: cannot stat `/media/dev/screenshots/images/temp/434573330986.jpg': Permission denied
cp: cannot stat `/media/dev/screenshots/images/temp/48302236504.jpg': Permission denied
cp: cannot stat `/media/dev/screenshots/images/temp/751807183280.jpg': Permission denied
cp: cannot stat `/media/dev/screenshots/images/temp/862824609292.jpg': Permission denied
cp: cannot stat `/media/dev/screenshots/images/temp/971067060010.png': Permission denied
cp: cannot stat `/media/dev/screenshots/images/temp/364743501287.jpg': Permission denied
cp: cannot stat `/media/dev/screenshots/images/temp/499611218378.jpg': Permission denied
cp: cannot stat `/media/dev/screenshots/images/temp/711757744205.jpg': Permission denied
cp: cannot stat `/media/dev/screenshots/images/temp/363689067362.jpg': Permission denied
cp: cannot stat `/media/dev/screenshots/images/temp/964330359095.jpg': Permission denied
cp: cannot stat `/media/dev/screenshots/images/temp/798425637812.jpg': Permission denied
cp: cannot stat `/media/dev/screenshots/images/temp/323696770459.jpg': Permission denied
cp: cannot stat `/media/dev/screenshots/images/temp/468203887497.png': Permission denied
cp: cannot stat `/media/dev/screenshots/images/temp/325301660134.jpg': Permission denied
cp: cannot stat `/media/dev/screenshots/images/temp/767846487243.jpg': Permission denied
cp: cannot stat `/media/dev/screenshots/images/temp/865038901533.png': Permission denied
cp: cannot stat `/media/dev/screenshots/images/temp/107061346339.jpg': Permission denied
cp: cannot stat `/media/dev/screenshots/images/temp/45781708397.jpg': Permission denied
cp: cannot stat `/media/dev/screenshots/images/temp/310990753474.jpg': Permission denied
cp: cannot stat `/media/dev/screenshots/images/temp/200336241977.jpg': Permission denied
cp: cannot stat `/media/dev/screenshots/images/temp/987640628848.jpg': Permission denied
cp: cannot stat `/media/dev/screenshots/images/temp/782152208482.jpg': Permission denied
cp: cannot stat `/media/dev/screenshots/images/temp/455826201681.jpg': Permission denied
cp: cannot stat `/media/dev/screenshots/images/temp/210643683275.jpg': Permission denied
cp: cannot stat `/media/dev/screenshots/images/temp/34162722952.jpg': Permission denied
cp: cannot stat `/media/dev/screenshots/images/temp/699847316103.jpg': Permission denied
cp: cannot stat `/media/dev/screenshots/images/temp/107977674334.jpg': Permission denied
cp: cannot stat `/media/dev/screenshots/images/temp/666488645103.png': Permission denied
cp: cannot stat `/media/dev/screenshots/images/temp/914977433147.png': Permission denied
cp: cannot stat `/media/dev/screenshots/images/temp/749738388875.jpg': Permission denied
cp: cannot stat `/media/dev/screenshots/images/temp/374647985198.png': Permission denied
cp: cannot stat `/media/dev/screenshots/images/temp/161032992760.jpg': Permission denied
cp: cannot stat `/media/dev/screenshots/images/temp/849691935771.jpg': Permission denied
cp: cannot stat `/media/dev/screenshots/images/temp/767625268427.jpg': Permission denied
cp: cannot stat `/media/dev/screenshots/images/temp/498234379565.jpg': Permission denied
cp: cannot stat `/media/dev/screenshots/images/temp/456764538273.jpg': Permission denied
cp: cannot stat `/media/dev/screenshots/images/temp/300860800359.jpg': Permission denied
cp: cannot stat `/media/dev/screenshots/images/temp/231261905951.jpg': Permission denied
cp: cannot stat `/media/dev/screenshots/images/temp/945587412690.jpg': Permission denied
cp: cannot stat `/media/dev/screenshots/images/temp/693380396984.jpg': Permission denied
cp: cannot stat `/media/dev/screenshots/images/temp/60088697465.jpg': Permission denied
cp: cannot stat `/media/dev/screenshots/images/temp/801986234211.png': Permission denied
cp: cannot stat `/media/dev/screenshots/images/temp/842249408005.jpg': Permission denied
cp: cannot stat `/media/dev/screenshots/images/temp/263173330655.jpg': Permission denied
cp: cannot stat `/media/dev/screenshots/images/temp/443654568987.jpg': Permission denied
cp: cannot stat `/media/dev/screenshots/images/temp/826191030408.png': Permission denied
cp: cannot stat `/media/dev/screenshots/images/temp/229275383429.png': Permission denied
cp: cannot stat `/media/dev/screenshots/images/temp/477476494193.jpg': Permission denied
cp: cannot stat `/media/dev/screenshots/images/temp/492274649179.jpg': Permission denied
cp: cannot stat `/media/dev/screenshots/images/temp/70726836397.png': Permission denied
cp: cannot stat `/media/dev/screenshots/images/temp/556640380414.jpg': Permission denied
cp: cannot stat `/media/dev/screenshots/images/temp/319870796155.png': Permission denied
cp: cannot stat `/media/dev/screenshots/images/temp/723225081561.jpg': Permission denied
cp: cannot stat `/media/dev/screenshots/images/temp/955276573446.jpg': Permission denied
cp: cannot stat `/media/dev/screenshots/images/temp/821963135243.jpg': Permission denied
cp: cannot stat `/media/dev/screenshots/images/temp/623413372289.png': Permission denied
cp: cannot stat `/media/dev/screenshots/images/temp/515345533266.jpg': Permission denied
cp: cannot stat `/media/dev/screenshots/images/temp/988875328839.jpg': Permission denied
cp: cannot stat `/media/dev/screenshots/images/temp/606714685622.jpg': Permission denied
cp: cannot stat `/media/dev/screenshots/images/temp/350258965196.jpg': Permission denied
cp: cannot stat `/media/dev/screenshots/images/temp/966492133448.jpg': Permission denied
cp: cannot stat `/media/dev/screenshots/images/temp/82848831560.jpg': Permission denied
cp: cannot stat `/media/dev/screenshots/images/temp/419934668505.jpeg': Permission denied
cp: cannot stat `/media/dev/screenshots/images/temp/183740802165.png': Permission denied
cp: cannot stat `/media/dev/screenshots/images/temp/925395903460.jpg': Permission denied
cp: cannot stat `/media/dev/screenshots/images/temp/561417255331.jpg': Permission denied
cp: cannot stat `/media/dev/screenshots/images/temp/581226030466.jpg': Permission denied
cp: cannot stat `/media/dev/screenshots/images/temp/962692592225.jpg': Permission denied
cp: cannot stat `/media/dev/screenshots/images/temp/600734621482.jpg': Permission denied
cp: cannot stat `/media/dev/screenshots/images/temp/905548541182.jpg': Permission denied
cp: cannot stat `/media/dev/screenshots/images/temp/887191403840.jpg': Permission denied
cp: cannot stat `/media/dev/screenshots/images/temp/620461192782.png': Permission denied
cp: cannot stat `/media/dev/screenshots/images/temp/505315428017.jpg': Permission denied
cp: cannot stat `/media/dev/screenshots/images/temp/584141413661.jpg': Permission denied
cp: cannot stat `/media/dev/screenshots/images/temp/593791947924.png': Permission denied
cp: cannot stat `/media/dev/screenshots/images/temp/29778376640.jpg': Permission denied
cp: cannot stat `/media/dev/screenshots/images/temp/676527109390.jpg': Permission denied
cp: cannot stat `/media/dev/screenshots/images/temp/587836947175.jpg': Permission denied
cp: cannot stat `/media/dev/screenshots/images/temp/339032332880.jpg': Permission denied
cp: cannot stat `/media/dev/screenshots/images/temp/857366146884.jpeg': Permission denied
cp: cannot stat `/media/dev/screenshots/images/temp/479434795238.jpg': Permission denied
cp: cannot stat `/media/dev/screenshots/images/temp/675341077209.jpg': Permission denied
cp: cannot stat `/media/dev/screenshots/images/temp/898851587328.jpg': Permission denied
cp: cannot stat `/media/dev/screenshots/images/temp/586049097040.jpg': Permission denied
cp: cannot stat `/media/dev/screenshots/images/temp/615300946047.jpg': Permission denied
cp: cannot stat `/media/dev/screenshots/images/temp/994147957815.jpg': Permission denied
cp: cannot stat `/media/dev/screenshots/images/temp/744616312444.jpg': Permission denied
cp: cannot stat `/media/dev/screenshots/images/temp/843017101518.jpg': Permission denied
cp: cannot stat `/media/dev/screenshots/images/temp/930864385053.jpg': Permission denied
cp: cannot stat `/media/dev/screenshots/images/temp/406068745598.jpg': Permission denied
cp: cannot stat `/media/dev/screenshots/images/temp/139555732790.jpg': Permission denied
cp: cannot stat `/media/dev/screenshots/images/temp/361469478625.jpg': Permission denied
cp: cannot stat `/media/dev/screenshots/images/temp/974211886590.png': Permission denied
cp: cannot stat `/media/dev/screenshots/images/temp/719094491197.png': Permission denied
cp: cannot stat `/media/dev/screenshots/images/temp/test2.png': Permission denied
cp: cannot stat `/media/dev/screenshots/images/temp/618259328170.jpg': Permission denied
cp: cannot stat `/media/dev/screenshots/images/temp/74254461070.jpg': Permission denied
cp: cannot stat `/media/dev/screenshots/images/temp/673576427464.jpg': Permission denied
cp: cannot stat `/media/dev/screenshots/images/temp/634312613789.jpg': Permission denied
cp: cannot stat `/media/dev/screenshots/images/temp/802775739071.jpg': Permission denied
cp: cannot stat `/media/dev/screenshots/images/temp/479709413083.jpg': Permission denied
cp: cannot stat `/media/dev/screenshots/images/temp/719207808608.jpg': Permission denied
cp: cannot stat `/media/dev/screenshots/images/temp/327291427200.jpg': Permission denied
cp: cannot stat `/media/dev/screenshots/images/temp/849883416040.jpg': Permission denied
cp: cannot stat `/media/dev/screenshots/images/temp/970724455870.jpg': Permission denied
cp: cannot stat `/media/dev/screenshots/images/temp/935151767126.jpg': Permission denied
cp: cannot stat `/media/dev/screenshots/images/temp/923764830903.jpg': Permission denied
cp: cannot stat `/media/dev/screenshots/images/temp/757876614849.jpg': Permission denied
cp: cannot stat `/media/dev/screenshots/images/temp/938175002969.jpg': Permission denied
cp: cannot stat `/media/dev/screenshots/images/temp/633427927875.jpg': Permission denied
cp: cannot stat `/media/dev/screenshots/images/temp/228558565734.jpg': Permission denied
cp: cannot stat `/media/dev/screenshots/images/temp/424893068272.jpg': Permission denied
cp: cannot stat `/media/dev/screenshots/images/temp/248981772429.jpg': Permission denied
cp: cannot stat `/media/dev/screenshots/images/temp/895222558274.jpg': Permission denied
cp: cannot stat `/media/dev/screenshots/images/temp/889812181675.png': Permission denied
cp: cannot stat `/media/dev/screenshots/images/temp/491624580845.jpg': Permission denied
cp: cannot stat `/media/dev/screenshots/images/temp/186178727541.jpg': Permission denied
cp: cannot stat `/media/dev/screenshots/images/temp/855559262809.jpg': Permission denied
cp: cannot stat `/media/dev/screenshots/images/temp/66393816173.png': Permission denied
cp: cannot stat `/media/dev/screenshots/images/temp/389404744058.jpg': Permission denied
cp: cannot stat `/media/dev/screenshots/images/temp/867205049026.jpg': Permission denied
cp: cannot stat `/media/dev/screenshots/images/temp/762469477405.jpg': Permission denied
cp: cannot stat `/media/dev/screenshots/images/temp/744792135361.jpg': Permission denied
cp: cannot stat `/media/dev/screenshots/images/temp/585808981656.jpg': Permission denied
cp: cannot stat `/media/dev/screenshots/images/temp/428080054577.jpg': Permission denied
cp: cannot stat `/media/dev/screenshots/images/temp/255477563414.jpg': Permission denied
cp: cannot stat `/media/dev/screenshots/images/temp/34049386646.jpg': Permission denied
cp: cannot stat `/media/dev/screenshots/images/temp/226544220235.jpg': Permission denied
cp: cannot stat `/media/dev/screenshots/images/temp/334681497172.png': Permission denied
cp: cannot stat `/media/dev/screenshots/images/temp/347227789550.jpg': Permission denied
cp: cannot stat `/media/dev/screenshots/images/temp/361862010710.jpg': Permission denied
cp: cannot stat `/media/dev/screenshots/images/temp/272819211098.jpg': Permission denied
cp: cannot stat `/media/dev/screenshots/images/temp/399541200229.png': Permission denied
cp: cannot stat `/media/dev/screenshots/images/temp/244047167477.jpg': Permission denied
cp: cannot stat `/media/dev/screenshots/images/temp/975068229695.jpg': Permission denied
cp: cannot stat `/media/dev/screenshots/images/temp/538484737886.jpg': Permission denied
cp: cannot stat `/media/dev/screenshots/images/temp/984301194608.png': Permission denied
cp: cannot stat `/media/dev/screenshots/images/temp/95022457710.jpg': Permission denied
cp: cannot stat `/media/dev/screenshots/images/temp/258112553293.jpg': Permission denied
cp: cannot stat `/media/dev/screenshots/images/temp/828381766196.png': Permission denied
cp: cannot stat `/media/dev/screenshots/images/temp/944549045219.jpg': Permission denied
cp: cannot stat `/media/dev/screenshots/images/temp/534563800027.jpg': Permission denied
cp: cannot stat `/media/dev/screenshots/images/temp/684007093664.jpg': Permission denied
cp: cannot stat `/media/dev/screenshots/images/temp/235623296700.jpg': Permission denied
cp: cannot stat `/media/dev/screenshots/images/temp/742777583966.jpg': Permission denied
cp: cannot stat `/media/dev/screenshots/images/temp/244280034863.png': Permission denied
cp: cannot stat `/media/dev/screenshots/images/temp/261949108706.jpg': Permission denied
cp: cannot stat `/media/dev/screenshots/images/temp/455120111190.jpg': Permission denied
cp: cannot stat `/media/dev/screenshots/images/temp/683412016219.png': Permission denied
cp: cannot stat `/media/dev/screenshots/images/temp/342368091948.jpg': Permission denied
cp: cannot stat `/media/dev/screenshots/images/temp/744590418316.jpg': Permission denied
cp: cannot stat `/media/dev/screenshots/images/temp/188962626199.jpg': Permission denied
cp: cannot stat `/media/dev/screenshots/images/temp/717513765106.jpg': Permission denied
cp: cannot stat `/media/dev/screenshots/images/temp/894380578914.png': Permission denied
cp: cannot stat `/media/dev/screenshots/images/temp/30861339202.jpg': Permission denied
cp: cannot stat `/media/dev/screenshots/images/temp/169068879469.jpg': Permission denied
cp: cannot stat `/media/dev/screenshots/images/temp/240910884641.jpg': Permission denied
cp: cannot stat `/media/dev/screenshots/images/temp/347987204894.jpg': Permission denied
cp: cannot stat `/media/dev/screenshots/images/temp/678877983906.jpg': Permission denied
cp: cannot stat `/media/dev/screenshots/images/temp/532174120654.jpg': Permission denied
cp: cannot stat `/media/dev/screenshots/images/temp/481373968237.jpg': Permission denied
cp: cannot stat `/media/dev/screenshots/images/temp/487566485935.png': Permission denied
cp: cannot stat `/media/dev/screenshots/images/temp/979140850158.jpg': Permission denied
cp: cannot stat `/media/dev/screenshots/images/temp/73736135918.jpg': Permission denied
cp: cannot stat `/media/dev/screenshots/images/temp/296843811884.jpg': Permission denied
cp: cannot stat `/media/dev/screenshots/images/temp/340994570003.jpg': Permission denied
cp: cannot stat `/media/dev/screenshots/images/temp/751789358414.jpg': Permission denied
cp: cannot stat `/media/dev/screenshots/images/temp/661362274634.png': Permission denied
cp: cannot stat `/media/dev/screenshots/images/temp/495484527023.jpg': Permission denied
cp: cannot stat `/media/dev/screenshots/images/temp/370020265013.jpg': Permission denied
cp: cannot stat `/media/dev/screenshots/images/temp/688438885968.png': Permission denied
cp: cannot stat `/media/dev/screenshots/images/temp/505166890248.jpg': Permission denied
cp: cannot stat `/media/dev/screenshots/images/temp/116173669383.jpg': Permission denied
cp: cannot stat `/media/dev/screenshots/images/temp/455286522020.jpg': Permission denied
cp: cannot stat `/media/dev/screenshots/images/temp/test.png': Permission denied
cp: cannot stat `/media/dev/screenshots/images/temp/695061542896.jpg': Permission denied
cp: cannot stat `/media/dev/screenshots/images/temp/1374248601.jpg': Permission denied
cp: cannot stat `/media/dev/screenshots/images/temp/861602057434.jpg': Permission denied
cp: cannot stat `/media/dev/screenshots/images/temp/766612727299.jpg': Permission denied
cp: cannot stat `/media/dev/screenshots/images/temp/608804812326.jpg': Permission denied
cp: cannot stat `/media/dev/screenshots/images/temp/949758131830.jpg': Permission denied
cp: cannot stat `/media/dev/screenshots/images/temp/997588330117.jpg': Permission denied
cp: cannot stat `/media/dev/screenshots/images/temp/885654353959.jpg': Permission denied
cp: cannot stat `/media/dev/screenshots/images/temp/931557302806.jpg': Permission denied
cp: cannot stat `/media/dev/screenshots/images/temp/963965370327.png': Permission denied
cp: cannot stat `/media/dev/screenshots/images/temp/705913316215.jpg': Permission denied
cp: cannot stat `/media/dev/screenshots/images/temp/739858848303.jpg': Permission denied
cp: cannot stat `/media/dev/screenshots/images/temp/402627899310.jpg': Permission denied
cp: cannot stat `/media/dev/screenshots/images/temp/888162973296.jpg': Permission denied
cp: cannot stat `/media/dev/screenshots/images/temp/163864858719.jpg': Permission denied
cp: cannot stat `/media/dev/screenshots/images/temp/346322173693.jpg': Permission denied
cp: cannot stat `/media/dev/screenshots/images/temp/149938420828.jpg': Permission denied
cp: cannot stat `/media/dev/screenshots/images/temp/277794853164.jpg': Permission denied
cp: cannot stat `/media/dev/screenshots/images/temp/331338227026.png': Permission denied
cp: cannot stat `/media/dev/screenshots/images/temp/832943896849.jpg': Permission denied
cp: cannot stat `/media/dev/screenshots/images/temp/594097265125.jpg': Permission denied
cp: cannot stat `/media/dev/screenshots/images/temp/432081511112.png': Permission denied
cp: cannot stat `/media/dev/screenshots/images/temp/352727669463.jpg': Permission denied
cp: cannot stat `/media/dev/screenshots/images/temp/403668930605.jpg': Permission denied
cp: cannot stat `/media/dev/screenshots/images/temp/503310646667.jpg': Permission denied
cp: cannot stat `/media/dev/screenshots/images/temp/893408216342.png': Permission denied
cp: cannot stat `/media/dev/screenshots/images/temp/976313027363.jpg': Permission denied
cp: cannot stat `/media/dev/screenshots/images/temp/179880563675.jpg': Permission denied
cp: cannot stat `/media/dev/screenshots/images/temp/278426922628.jpg': Permission denied
cp: cannot stat `/media/dev/screenshots/images/temp/985530565852.jpg': Permission denied
cp: cannot stat `/media/dev/screenshots/images/temp/647056331371.jpg': Permission denied
cp: cannot stat `/media/dev/screenshots/images/temp/165142638246.jpg': Permission denied
cp: cannot stat `/media/dev/screenshots/images/temp/851332698743.png': Permission denied
cp: cannot stat `/media/dev/screenshots/images/temp/627360443845.jpg': Permission denied
cp: cannot stat `/media/dev/screenshots/images/temp/678430258203.jpg': Permission denied
cp: cannot stat `/media/dev/screenshots/images/temp/329455838912.jpg': Permission denied
cp: cannot stat `/media/dev/screenshots/images/temp/644972304211.jpg': Permission denied
cp: cannot stat `/media/dev/screenshots/images/temp/866131920061.jpg': Permission denied
cp: cannot stat `/media/dev/screenshots/images/temp/16606013147.jpg': Permission denied
cp: cannot stat `/media/dev/screenshots/images/temp/4029576481.jpg': Permission denied
cp: cannot stat `/media/dev/screenshots/images/temp/590138901093.jpg': Permission denied
cp: cannot stat `/media/dev/screenshots/images/temp/963936000609.png': Permission denied
cp: cannot stat `/media/dev/screenshots/images/temp/313894758224.jpg': Permission denied
cp: cannot stat `/media/dev/screenshots/images/temp/671840615789.png': Permission denied
cp: cannot stat `/media/dev/screenshots/images/temp/896580649786.jpg': Permission denied
cp: cannot stat `/media/dev/screenshots/images/temp/792868686307.jpeg': Permission denied
cp: cannot stat `/media/dev/screenshots/images/temp/550129039984.jpg': Permission denied
cp: cannot stat `/media/dev/screenshots/images/temp/443549543727.jpg': Permission denied
cp: cannot stat `/media/dev/screenshots/images/temp/402271410342.png': Permission denied
cp: cannot stat `/media/dev/screenshots/images/temp/392749546359.jpg': Permission denied
cp: cannot stat `/media/dev/screenshots/images/temp/337801921716.png': Permission denied
cp: cannot stat `/media/dev/screenshots/images/temp/172002629565.jpg': Permission denied
cp: cannot stat `/media/dev/screenshots/images/temp/222630085145.png': Permission denied
cp: cannot stat `/media/dev/screenshots/images/temp/147621776155.jpg': Permission denied
cp: cannot stat `/media/dev/screenshots/images/temp/626784718263.jpg': Permission denied
cp: cannot stat `/media/dev/screenshots/images/temp/14417869866.png': Permission denied
cp: cannot stat `/media/dev/screenshots/images/temp/623727352873.jpg': Permission denied
cp: cannot stat `/media/dev/screenshots/images/temp/103777226898.jpg': Permission denied
cp: cannot stat `/media/dev/screenshots/images/temp/29573874305.jpg': Permission denied
cp: cannot stat `/media/dev/screenshots/images/temp/904716589124.jpg': Permission denied
cp: cannot stat `/media/dev/screenshots/images/temp/209062593426.png': Permission denied
cp: cannot stat `/media/dev/screenshots/images/temp/741967213982.jpg': Permission denied
cp: cannot stat `/media/dev/screenshots/images/temp/952293961255.jpg': Permission denied
cp: cannot stat `/media/dev/screenshots/images/temp/479901761401.jpg': Permission denied
cp: cannot stat `/media/dev/screenshots/images/temp/763920224451.png': Permission denied
cp: cannot stat `/media/dev/screenshots/images/temp/845126917194.jpg': Permission denied
cp: cannot stat `/media/dev/screenshots/images/temp/932552638500.jpg': Permission denied
cp: cannot stat `/media/dev/screenshots/images/temp/264132704282.jpg': Permission denied
cp: cannot stat `/media/dev/screenshots/images/temp/990716090477.jpg': Permission denied
cp: cannot stat `/media/dev/screenshots/images/temp/260913878925.png': Permission denied
cp: cannot stat `/media/dev/screenshots/images/temp/131070558884.png': Permission denied
cp: cannot stat `/media/dev/screenshots/images/temp/405426959967.png': Permission denied
cp: cannot stat `/media/dev/screenshots/images/temp/804114110979.jpg': Permission denied
cp: cannot stat `/media/dev/screenshots/images/temp/774229788198.jpg': Permission denied
cp: cannot stat `/media/dev/screenshots/images/temp/326342290953.png': Permission denied
cp: cannot stat `/media/dev/screenshots/images/temp/407424890696.jpg': Permission denied
cp: cannot stat `/media/dev/screenshots/images/temp/872563212735.jpg': Permission denied
cp: cannot stat `/media/dev/screenshots/images/temp/142726441661.jpg': Permission denied
cp: cannot stat `/media/dev/screenshots/images/temp/123654820344.png': Permission denied
cp: cannot stat `/media/dev/screenshots/images/temp/407697291316.jpg': Permission denied
cp: cannot stat `/media/dev/screenshots/images/temp/208510779217.jpg': Permission denied
cp: cannot stat `/media/dev/screenshots/images/temp/367987179228.jpg': Permission denied
cp: cannot stat `/media/dev/screenshots/images/temp/256046892111.png': Permission denied
cp: cannot stat `/media/dev/screenshots/images/temp/719079714767.png': Permission denied
cp: cannot stat `/media/dev/screenshots/images/temp/134619940310.jpg': Permission denied
cp: cannot stat `/media/dev/screenshots/images/temp/79077447874.jpg': Permission denied
searchindex?

WARNING: This will irreparably remove EVERYTHING from your search index in connection 'default'.
Your choices after this are to restore from backups or rebuild via the `rebuild_index` command.
Are you sure you wish to continue? [y/N] 
Removing all documents from your index because you said so.
Traceback (most recent call last):
  File "/srv/dev/lovegov/dev_manage.py", line 13, in <module>
    execute_manager(dev_settings)
  File "/usr/local/lib/python2.7/dist-packages/django/core/management/__init__.py", line 459, in execute_manager
    utility.execute()
  File "/usr/local/lib/python2.7/dist-packages/django/core/management/__init__.py", line 382, in execute
    self.fetch_command(subcommand).run_from_argv(self.argv)
  File "/usr/local/lib/python2.7/dist-packages/django/core/management/base.py", line 196, in run_from_argv
    self.execute(*args, **options.__dict__)
  File "/usr/local/lib/python2.7/dist-packages/django/core/management/base.py", line 232, in execute
    output = self.handle(*args, **options)
  File "/srv/src/django-haystack/haystack/management/commands/rebuild_index.py", line 14, in handle
    call_command('clear_index', **options)
  File "/usr/local/lib/python2.7/dist-packages/django/core/management/__init__.py", line 150, in call_command
    return klass.execute(*args, **defaults)
  File "/usr/local/lib/python2.7/dist-packages/django/core/management/base.py", line 232, in execute
    output = self.handle(*args, **options)
  File "/srv/src/django-haystack/haystack/management/commands/clear_index.py", line 41, in handle
    backend.clear()
  File "/srv/src/django-haystack/haystack/backends/whoosh_backend.py", line 226, in clear
    self.setup()
  File "/srv/src/django-haystack/haystack/backends/whoosh_backend.py", line 101, in setup
    raise IOError("The path to your Whoosh index '%s' is not writable for the current user/group." % self.path)
IOError: The path to your Whoosh index '/srv/dev/lovegov/../lovegov/modernpolitics/search_indexes' is not writable for the current user/group.
chmod: cannot access `/srv/dev/lovegov/beta/modernpolitics/search_indexes': No such file or directory
chgrp: cannot access `/srv/dev/lovegov/beta/modernpolitics/search_indexes': No such file or directory
